Using pre-set license
Built from '2020.3/release' branch; Version is '2020.3.12f1 (b3b2c6512326) revision 11776710'; Using compiler version '192528614'; Build Type 'Release'
OS: 'Windows 10 Home; OS build 19043.1288; Version 2009; 64bit' Language: 'en' Physical Memory: 7540 MB
BatchMode: 1, IsHumanControllingUs: 0, StartBugReporterOnCrash: 0, Is64bit: 1, IsPro: 0

 COMMAND LINE ARGUMENTS:
C:\Program Files\Unity\Hub\Editor\2020.3.12f1\Editor\Unity.exe
-adb2
-batchMode
-noUpm
-name
AssetImportWorker0
-projectPath
D:/CampusNET/M3_Programacion/UF1/UnityProjects/rock_gaem
-logFile
Logs/AssetImportWorker0.log
-srvPort
50359
Successfully changed project path to: D:/CampusNET/M3_Programacion/UF1/UnityProjects/rock_gaem
D:/CampusNET/M3_Programacion/UF1/UnityProjects/rock_gaem
Using Asset Import Pipeline V2.
Refreshing native plugins compatible for Editor in 79.79 ms, found 3 plugins.
Preloading 0 native plugins for Editor in 0.00 ms.
Initialize engine version: 2020.3.12f1 (b3b2c6512326)
[Subsystems] Discovering subsystems at path C:/Program Files/Unity/Hub/Editor/2020.3.12f1/Editor/Data/Resources/UnitySubsystems
[Subsystems] Discovering subsystems at path D:/CampusNET/M3_Programacion/UF1/UnityProjects/rock_gaem/Assets
GfxDevice: creating device client; threaded=0
Direct3D:
    Version:  Direct3D 11.0 [level 11.1]
    Renderer: NVIDIA GeForce GTX 1050 (ID=0x1c91)
    Vendor:   
    VRAM:     2996 MB
    Driver:   27.21.14.6280
Shader 'Universal Render Pipeline/Particles/Lit': fallback shader 'Universal Render Pipeline/Particles/SimpleLit' not found
Initialize mono
Mono path[0] = 'C:/Program Files/Unity/Hub/Editor/2020.3.12f1/Editor/Data/Managed'
Mono path[1] = 'C:/Program Files/Unity/Hub/Editor/2020.3.12f1/Editor/Data/MonoBleedingEdge/lib/mono/unityjit'
Mono config path = 'C:/Program Files/Unity/Hub/Editor/2020.3.12f1/Editor/Data/MonoBleedingEdge/etc'
Using monoOptions --debugger-agent=transport=dt_socket,embedding=1,server=y,suspend=n,address=127.0.0.1:56984
Begin MonoManager ReloadAssembly
Registering precompiled unity dll's ...
Register platform support module: C:/Program Files/Unity/Hub/Editor/2020.3.12f1/Editor/Data/PlaybackEngines/WebGLSupport/UnityEditor.WebGL.Extensions.dll
Register platform support module: C:/Program Files/Unity/Hub/Editor/2020.3.12f1/Editor/Data/PlaybackEngines/WindowsStandaloneSupport/UnityEditor.WindowsStandalone.Extensions.dll
Registered in 0.004509 seconds.
Native extension for WindowsStandalone target not found
Native extension for WebGL target not found
Refreshing native plugins compatible for Editor in 63.95 ms, found 3 plugins.
Preloading 0 native plugins for Editor in 0.00 ms.
Mono: successfully reloaded assembly
- Completed reload, in  6.578 seconds
Platform modules already initialized, skipping
Registering precompiled user dll's ...
Registered in 0.016009 seconds.
Begin MonoManager ReloadAssembly
Native extension for WindowsStandalone target not found
Native extension for WebGL target not found
Refreshing native plugins compatible for Editor in 66.92 ms, found 3 plugins.
Preloading 0 native plugins for Editor in 0.00 ms.
Mono: successfully reloaded assembly
- Completed reload, in  1.221 seconds
Platform modules already initialized, skipping
========================================================================
Worker process is ready to serve import requests
Shader 'Universal Render Pipeline/Particles/Lit': fallback shader 'Universal Render Pipeline/Particles/SimpleLit' not found
Launched and connected shader compiler UnityShaderCompiler.exe after 0.06 seconds
Refreshing native plugins compatible for Editor in 0.72 ms, found 3 plugins.
Preloading 0 native plugins for Editor in 0.00 ms.
Unloading 3330 Unused Serialized files (Serialized files now loaded: 0)
System memory in use before: 146.1 MB.
System memory in use after: 146.2 MB.

Unloading 33 unused Assets to reduce memory usage. Loaded Objects now: 3773.
Total: 7.558300 ms (FindLiveObjects: 0.387200 ms CreateObjectMapping: 0.082100 ms MarkObjects: 5.265700 ms  DeleteObjects: 1.531800 ms)

AssetImportParameters requested are different than current active one (requested -> active):
  custom:framework-win-MediaFoundation: 216162199b28c13a410421893ffa2e32 -> 
  custom:video-decoder-ogg-theora: a1e56fd34408186e4bbccfd4996cb3dc -> 
  custom:container-muxer-webm: aa71ff27fc2769a1b78a27578f13a17b -> 
  custom:container-demuxer-webm: 4f35f7cbe854078d1ac9338744f61a02 -> 
  custom:container-demuxer-ogg: 62fdf1f143b41e24485cea50d1cbac27 -> 
  custom:video-encoder-webm-vp8: eb34c28f22e8b96e1ab97ce403110664 -> 
  custom:video-decoder-webm-vp8: 9c59270c3fd7afecdb556c50c9e8de78 -> 
  custom:audio-decoder-ogg-vorbis: bf7c407c2cedff20999df2af8eb42d56 -> 
  custom:audio-encoder-webm-vorbis: bf7c407c2cedff20999df2af8eb42d56 -> 
========================================================================
Received Import Request.
  path: Assets/Scripts/PlayerDeathVars.cs
  artifactKey: Guid(d6a7dc8e16b23bc478df925e6e6781d3) Importer(815301076,1909f56bfc062723c751e8b465ee728b)
Start importing Assets/Scripts/PlayerDeathVars.cs using Guid(d6a7dc8e16b23bc478df925e6e6781d3) Importer(815301076,1909f56bfc062723c751e8b465ee728b)  -> (artifact id: '2053eee998f3dd33578efb18ac6c6997') in 0.049812 seconds 
  Import took 0.059052 seconds .

========================================================================
Received Import Request.
  Time since last request: 54.475640 seconds.
  path: Assets/Scripts/Bullet/BulletModeControl.cs
  artifactKey: Guid(53f1340232efd7a4695bfb44fe0c2c33) Importer(815301076,1909f56bfc062723c751e8b465ee728b)
Start importing Assets/Scripts/Bullet/BulletModeControl.cs using Guid(53f1340232efd7a4695bfb44fe0c2c33) Importer(815301076,1909f56bfc062723c751e8b465ee728b)  -> (artifact id: '07bfb0075d4a5580b8f444146a33e57f') in 0.018599 seconds 
  Import took 0.025535 seconds .

========================================================================
Received Import Request.
  Time since last request: 18.649302 seconds.
  path: Assets/Scripts/Bullet/BulletControl.cs
  artifactKey: Guid(fb8abebdbfd48374f90f8bd87f461935) Importer(815301076,1909f56bfc062723c751e8b465ee728b)
Start importing Assets/Scripts/Bullet/BulletControl.cs using Guid(fb8abebdbfd48374f90f8bd87f461935) Importer(815301076,1909f56bfc062723c751e8b465ee728b)  -> (artifact id: '1778d9b029a9ca934e25019d03c156b1') in 0.008151 seconds 
  Import took 0.014724 seconds .

========================================================================
Received Import Request.
  Time since last request: 0.000991 seconds.
  path: Assets/Scripts/Bullet/BulletControl.cs
  artifactKey: Guid(fb8abebdbfd48374f90f8bd87f461935) Importer(815301076,1909f56bfc062723c751e8b465ee728b)
Start importing Assets/Scripts/Bullet/BulletControl.cs using Guid(fb8abebdbfd48374f90f8bd87f461935) Importer(815301076,1909f56bfc062723c751e8b465ee728b)  -> (artifact id: '1778d9b029a9ca934e25019d03c156b1') in 0.004143 seconds 
  Import took 0.011041 seconds .

========================================================================
Received Prepare
Registering precompiled user dll's ...
Registered in 0.017059 seconds.
Begin MonoManager ReloadAssembly
Native extension for WindowsStandalone target not found
Native extension for WebGL target not found
Refreshing native plugins compatible for Editor in 0.82 ms, found 3 plugins.
Preloading 0 native plugins for Editor in 0.00 ms.
Mono: successfully reloaded assembly
- Completed reload, in  1.097 seconds
Platform modules already initialized, skipping
Shader 'Universal Render Pipeline/Particles/Lit': fallback shader 'Universal Render Pipeline/Particles/SimpleLit' not found
Refreshing native plugins compatible for Editor in 0.68 ms, found 3 plugins.
Preloading 0 native plugins for Editor in 0.00 ms.
Unloading 3242 Unused Serialized files (Serialized files now loaded: 0)
System memory in use before: 138.0 MB.
System memory in use after: 138.1 MB.

Unloading 22 unused Assets to reduce memory usage. Loaded Objects now: 3777.
Total: 3.394700 ms (FindLiveObjects: 0.461800 ms CreateObjectMapping: 0.153200 ms MarkObjects: 2.639600 ms  DeleteObjects: 0.138300 ms)

AssetImportParameters requested are different than current active one (requested -> active):
  custom:framework-win-MediaFoundation: 216162199b28c13a410421893ffa2e32 -> 
  custom:video-decoder-ogg-theora: a1e56fd34408186e4bbccfd4996cb3dc -> 
  custom:container-muxer-webm: aa71ff27fc2769a1b78a27578f13a17b -> 
  custom:container-demuxer-webm: 4f35f7cbe854078d1ac9338744f61a02 -> 
  custom:container-demuxer-ogg: 62fdf1f143b41e24485cea50d1cbac27 -> 
  custom:video-encoder-webm-vp8: eb34c28f22e8b96e1ab97ce403110664 -> 
  custom:video-decoder-webm-vp8: 9c59270c3fd7afecdb556c50c9e8de78 -> 
  custom:audio-decoder-ogg-vorbis: bf7c407c2cedff20999df2af8eb42d56 -> 
  custom:audio-encoder-webm-vorbis: bf7c407c2cedff20999df2af8eb42d56 -> 
========================================================================
Received Import Request.
  Time since last request: 801.363813 seconds.
  path: Assets/Scripts/Asteroids/WaveSpawner.cs
  artifactKey: Guid(50c5f397e6106e54b8195c43f6394dba) Importer(815301076,1909f56bfc062723c751e8b465ee728b)
Start importing Assets/Scripts/Asteroids/WaveSpawner.cs using Guid(50c5f397e6106e54b8195c43f6394dba) Importer(815301076,1909f56bfc062723c751e8b465ee728b)  -> (artifact id: '5cf54cece05270f3095b224394048f97') in 0.021815 seconds 
  Import took 0.030876 seconds .

========================================================================
Received Import Request.
  Time since last request: 0.010705 seconds.
  path: Assets/Scripts/Asteroids/WaveSpawner.cs
  artifactKey: Guid(50c5f397e6106e54b8195c43f6394dba) Importer(815301076,1909f56bfc062723c751e8b465ee728b)
Start importing Assets/Scripts/Asteroids/WaveSpawner.cs using Guid(50c5f397e6106e54b8195c43f6394dba) Importer(815301076,1909f56bfc062723c751e8b465ee728b)  -> (artifact id: '5cf54cece05270f3095b224394048f97') in 0.003744 seconds 
  Import took 0.009341 seconds .

========================================================================
Received Prepare
Registering precompiled user dll's ...
Registered in 0.095196 seconds.
Begin MonoManager ReloadAssembly
Native extension for WindowsStandalone target not found
Native extension for WebGL target not found
Refreshing native plugins compatible for Editor in 0.74 ms, found 3 plugins.
Preloading 0 native plugins for Editor in 0.00 ms.
Mono: successfully reloaded assembly
- Completed reload, in  1.437 seconds
Platform modules already initialized, skipping
Shader 'Universal Render Pipeline/Particles/Lit': fallback shader 'Universal Render Pipeline/Particles/SimpleLit' not found
Refreshing native plugins compatible for Editor in 0.72 ms, found 3 plugins.
Preloading 0 native plugins for Editor in 0.00 ms.
Unloading 3242 Unused Serialized files (Serialized files now loaded: 0)
System memory in use before: 138.1 MB.
System memory in use after: 138.2 MB.

Unloading 22 unused Assets to reduce memory usage. Loaded Objects now: 3781.
Total: 7.959300 ms (FindLiveObjects: 0.729000 ms CreateObjectMapping: 0.091900 ms MarkObjects: 6.716200 ms  DeleteObjects: 0.420000 ms)

AssetImportParameters requested are different than current active one (requested -> active):
  custom:framework-win-MediaFoundation: 216162199b28c13a410421893ffa2e32 -> 
  custom:video-decoder-ogg-theora: a1e56fd34408186e4bbccfd4996cb3dc -> 
  custom:container-muxer-webm: aa71ff27fc2769a1b78a27578f13a17b -> 
  custom:container-demuxer-webm: 4f35f7cbe854078d1ac9338744f61a02 -> 
  custom:container-demuxer-ogg: 62fdf1f143b41e24485cea50d1cbac27 -> 
  custom:video-encoder-webm-vp8: eb34c28f22e8b96e1ab97ce403110664 -> 
  custom:video-decoder-webm-vp8: 9c59270c3fd7afecdb556c50c9e8de78 -> 
  custom:audio-decoder-ogg-vorbis: bf7c407c2cedff20999df2af8eb42d56 -> 
  custom:audio-encoder-webm-vorbis: bf7c407c2cedff20999df2af8eb42d56 -> 
========================================================================
Received Import Request.
  Time since last request: 7590.653180 seconds.
  path: Assets/Scripts/RewindParticleSystem.cs
  artifactKey: Guid(c851e4caf7f0b024da9cb0c6521d3486) Importer(815301076,1909f56bfc062723c751e8b465ee728b)
Start importing Assets/Scripts/RewindParticleSystem.cs using Guid(c851e4caf7f0b024da9cb0c6521d3486) Importer(815301076,1909f56bfc062723c751e8b465ee728b)  -> (artifact id: '71f2288dbf73dfd82548a8264a43271d') in 0.118664 seconds 
  Import took 0.217683 seconds .

========================================================================
Received Import Request.
  Time since last request: 11.288849 seconds.
  path: Assets/Scenes/BossFight/BossAttacks.cs
  artifactKey: Guid(f6793a332505e3b41ae8c4e24ae52c9e) Importer(815301076,1909f56bfc062723c751e8b465ee728b)
Start importing Assets/Scenes/BossFight/BossAttacks.cs using Guid(f6793a332505e3b41ae8c4e24ae52c9e) Importer(815301076,1909f56bfc062723c751e8b465ee728b)  -> (artifact id: 'a824806928b2b224879e2c64cf7d1818') in 0.009279 seconds 
  Import took 0.017902 seconds .

========================================================================
Received Import Request.
  Time since last request: 2627.829057 seconds.
  path: Assets/MainMixer.mixer
  artifactKey: Guid(08fcb33a1cedc4f41bd4a39adc2d90a1) Importer(815301076,1909f56bfc062723c751e8b465ee728b)
Start importing Assets/MainMixer.mixer using Guid(08fcb33a1cedc4f41bd4a39adc2d90a1) Importer(815301076,1909f56bfc062723c751e8b465ee728b)  -> (artifact id: '60a9544ae1c8b647b22bb59495bb1e49') in 0.429083 seconds 
  Import took 0.470633 seconds .

========================================================================
Received Import Request.
  Time since last request: 104.413569 seconds.
  path: Assets/Scripts/Asteroids/WaveSpawner.cs
  artifactKey: Guid(50c5f397e6106e54b8195c43f6394dba) Importer(815301076,1909f56bfc062723c751e8b465ee728b)
Start importing Assets/Scripts/Asteroids/WaveSpawner.cs using Guid(50c5f397e6106e54b8195c43f6394dba) Importer(815301076,1909f56bfc062723c751e8b465ee728b)  -> (artifact id: 'e988ea5662ceaee9375acb929eb0cf12') in 0.010281 seconds 
  Import took 0.017505 seconds .

========================================================================
Received Import Request.
  Time since last request: 39.034373 seconds.
  path: Assets/Scripts/BabyMode/BabyModeHP.cs
  artifactKey: Guid(f10dd1c567dc05249a951da681a61c6e) Importer(815301076,1909f56bfc062723c751e8b465ee728b)
Start importing Assets/Scripts/BabyMode/BabyModeHP.cs using Guid(f10dd1c567dc05249a951da681a61c6e) Importer(815301076,1909f56bfc062723c751e8b465ee728b)  -> (artifact id: '058d6f6b3d4775752f736c95baf02da8') in 0.009414 seconds 
  Import took 0.017201 seconds .

========================================================================
Received Import Request.
  Time since last request: 49.337564 seconds.
  path: Assets/Scripts/UI/GameOver.cs
  artifactKey: Guid(511e2bb70b32ef44d8a9d2dd57b43102) Importer(815301076,1909f56bfc062723c751e8b465ee728b)
Start importing Assets/Scripts/UI/GameOver.cs using Guid(511e2bb70b32ef44d8a9d2dd57b43102) Importer(815301076,1909f56bfc062723c751e8b465ee728b)  -> (artifact id: 'c6952693956159127aea8fe36a1ee430') in 0.012053 seconds 
  Import took 0.018599 seconds .

========================================================================
Received Import Request.
  Time since last request: 0.001508 seconds.
  path: Assets/Scripts/UI/GameOver.cs
  artifactKey: Guid(511e2bb70b32ef44d8a9d2dd57b43102) Importer(815301076,1909f56bfc062723c751e8b465ee728b)
Start importing Assets/Scripts/UI/GameOver.cs using Guid(511e2bb70b32ef44d8a9d2dd57b43102) Importer(815301076,1909f56bfc062723c751e8b465ee728b)  -> (artifact id: 'c6952693956159127aea8fe36a1ee430') in 0.005217 seconds 
  Import took 0.012116 seconds .

========================================================================
Received Import Request.
  Time since last request: 17.792465 seconds.
  path: Assets/Scripts/UI/OpenLinks.cs
  artifactKey: Guid(732bede021c514245937229079d151ae) Importer(815301076,1909f56bfc062723c751e8b465ee728b)
Start importing Assets/Scripts/UI/OpenLinks.cs using Guid(732bede021c514245937229079d151ae) Importer(815301076,1909f56bfc062723c751e8b465ee728b)  -> (artifact id: 'e1a5007518c6ff69c16dd43ca1fc0ae5') in 0.010300 seconds 
  Import took 0.017239 seconds .

AssetImportWorkerClient::OnTransportError - code=2 error=End of file
